<?xml version="1.0" encoding="UTF-8"?>
<!-- Generated by org.testng.reporters.JUnitReportReporter -->
<testsuite skipped="0" hostname="DESKTOP-5N90F58" name="steamTests.SupportTest" tests="3" failures="0" timestamp="2020-12-15T18:27:28 IST" time="113.086" errors="0">
  <testcase name="tc01_ValidateErrorMessage" time="42.547" classname="steamTests.SupportTest"/>
  <system-out/>
  <testcase name="tc01_ValidateErrorMessage" time="13.718" classname="steamTests.SupportTest"/>
  <system-out/>
  <testcase name="tc02_IsInFindAccountPage" time="56.821" classname="steamTests.SupportTest"/>
  <system-out/>
</testsuite> <!-- steamTests.SupportTest -->
