<?xml version="1.0" encoding="UTF-8"?>
<!-- Generated by org.testng.reporters.JUnitReportReporter -->
<testsuite skipped="0" hostname="DESKTOP-5N90F58" name="steamTests.LoginTest" tests="5" failures="0" timestamp="2020-12-16T14:13:20 IST" time="4.987" errors="0">
  <testcase name="tc01_errorMessageDisplayedWhenLoginFailed" time="1.226" classname="steamTests.LoginTest"/>
  <system-out/>
  <testcase name="tc01_errorMessageDisplayedWhenLoginFailed" time="1.218" classname="steamTests.LoginTest"/>
  <system-out/>
  <testcase name="tc01_errorMessageDisplayedWhenLoginFailed" time="1.220" classname="steamTests.LoginTest"/>
  <system-out/>
  <testcase name="tc02_IsInLoginPage" time="0.038" classname="steamTests.LoginTest"/>
  <system-out/>
  <testcase name="tc01_errorMessageDisplayedWhenLoginFailed" time="1.285" classname="steamTests.LoginTest"/>
  <system-out/>
</testsuite> <!-- steamTests.LoginTest -->
