<?xml version="1.0" encoding="UTF-8"?>
<!-- Generated by org.testng.reporters.JUnitReportReporter -->
<testsuite skipped="0" hostname="DESKTOP-5N90F58" name="steamTests.ResultsTest" tests="8" failures="0" timestamp="2020-12-16T14:16:47 IST" time="190.522" errors="0">
  <testcase name="tc_06_VerifyAllGamesAreTaggedSinglePlayer" time="62.959" classname="steamTests.ResultsTest"/>
  <system-out/>
  <testcase name="tc_05_VerifyAllGamesAreForMac" time="11.665" classname="steamTests.ResultsTest"/>
  <system-out/>
  <testcase name="tc_01_ValidatesNumberOfTagsChecked" time="4.080" classname="steamTests.ResultsTest"/>
  <system-out/>
  <testcase name="tc_02_SortByNameStringValidation" time="12.328" classname="steamTests.ResultsTest"/>
  <system-out/>
  <testcase name="tc_07_checkSizeOftaggedGenresAfterExcluding_Failed" time="14.815" classname="steamTests.ResultsTest"/>
  <system-out/>
  <testcase name="tc_03_ValidateSortByPrice" time="14.783" classname="steamTests.ResultsTest"/>
  <system-out/>
  <testcase name="tc_04_ChecksThereAre50RowsDisplaying" time="11.020" classname="steamTests.ResultsTest"/>
  <system-out/>
  <testcase name="tc_08_checkSizeOfTaggedGenresAfterexculding_Succeed" time="58.872" classname="steamTests.ResultsTest"/>
  <system-out/>
</testsuite> <!-- steamTests.ResultsTest -->
