<?xml version="1.0" encoding="UTF-8"?>
<!-- Generated by org.testng.reporters.JUnitReportReporter -->
<testsuite skipped="0" hostname="DESKTOP-5N90F58" name="steamTests.StoreTest" tests="3" failures="0" timestamp="2020-12-15T18:27:28 IST" time="3.103" errors="0">
  <testcase name="tc02_checkIsInPage" time="0.044" classname="steamTests.StoreTest"/>
  <system-out/>
  <testcase name="tc01_searchCyberPunkGame" time="2.077" classname="steamTests.StoreTest"/>
  <system-out/>
  <testcase name="tc01_searchCyberPunkGame" time="0.982" classname="steamTests.StoreTest"/>
  <system-out/>
</testsuite> <!-- steamTests.StoreTest -->
